<?xml version="1.0" encoding="UTF-8"?>
<Site BuildName="(empty)"
	BuildStamp="20260811-0457-Experimental"
	Name="handlingteam2"
	Generator="ctest-3.16.3"
	CompilerName="/usr/bin/c++"
	CompilerVersion="9.4.0"
	OSName="Linux"
	Hostname="handlingteam2"
	OSRelease="5.15.0-139-generic"
	OSVersion="#149~20.04.1-Ubuntu SMP Wed Apr 16 08:29:56 UTC 2025"
	OSPlatform="x86_64"
	Is64Bits="1"
	VendorString="GenuineIntel"
	VendorID="Intel Corporation"
	FamilyID="6"
	ModelID="183"
	ProcessorCacheSize="33792"
	NumberOfLogicalCPU="28"
	NumberOfPhysicalCPU="20"
	TotalVirtualMemory="16499"
	TotalPhysicalMemory="31798"
	LogicalProcessorsPerPhysical="1"
	ProcessorClockFrequency="3001.78"
	>
	<Testing>
		<StartDateTime>Aug 11 13:57 JST</StartDateTime>
		<StartTestTime>1786424232</StartTestTime>
		<TestList/>
		<EndDateTime>Aug 11 13:57 JST</EndDateTime>
		<EndTestTime>1786424232</EndTestTime>
		<ElapsedMinutes>0</ElapsedMinutes>
	</Testing>
</Site>
